<?xml version="1.0" encoding="UTF-8"?>
<!-- Generated by org.testng.reporters.JUnitXMLReporter -->
<testsuite hostname="Thishs-MacBook-Pro-2.local" ignored="0" name="Default test" tests="8" failures="0" timestamp="12 Feb 2018 18:44:25 GMT" time="65.199" errors="0">
  <testcase name="formSubmitTest" time="5.557" classname="com.form.test.testcases.FormPageTest"/>
  <testcase name="formSubmitTest" time="5.521" classname="com.form.test.testcases.FormPageTest"/>
  <testcase name="formSubmitTest" time="5.538" classname="com.form.test.testcases.FormPageTest"/>
  <testcase name="formSubmitWrongFnameTest" time="2.532" classname="com.form.test.testcases.FormPageTest"/>
  <testcase name="negativeFormSubmitTest" time="5.444" classname="com.form.test.testcases.FormPageTest"/>
  <testcase name="negativeFormSubmitTest" time="5.411" classname="com.form.test.testcases.FormPageTest"/>
  <testcase name="negativeFormSubmitTest" time="6.008" classname="com.form.test.testcases.FormPageTest"/>
  <testcase name="negativeFormSubmitTest" time="5.445" classname="com.form.test.testcases.FormPageTest"/>
</testsuite> <!-- Default test -->
