<?xml version="1.0" encoding="UTF-8"?>
<testng-results skipped="0" failed="0" ignored="0" total="8" passed="8">
  <reporter-output>
    <line>
      <![CDATA[Verify Form Submitted with correct values]]>
    </line>
    <line>
      <![CDATA[Verify Form Submitted with correct values]]>
    </line>
    <line>
      <![CDATA[Verify Form Submitted with correct values]]>
    </line>
    <line>
      <![CDATA[Verify Clear Page]]>
    </line>
    <line>
      <![CDATA[Verify Form is not submitted]]>
    </line>
    <line>
      <![CDATA[Verify Form is not submitted]]>
    </line>
    <line>
      <![CDATA[Verify Form is not submitted]]>
    </line>
    <line>
      <![CDATA[Verify Form is not submitted]]>
    </line>
  </reporter-output>
  <suite name="Default suite" duration-ms="65199" started-at="2018-02-12T18:43:20Z" finished-at="2018-02-12T18:44:25Z">
    <groups>
    </groups>
    <test name="Default test" duration-ms="65199" started-at="2018-02-12T18:43:20Z" finished-at="2018-02-12T18:44:25Z">
      <class name="com.form.test.testcases.FormPageTest">
        <test-method status="PASS" signature="setup()[pri:0, instance:com.form.test.testcases.FormPageTest@402a079c]" name="setup" is-config="true" duration-ms="5754" started-at="2018-02-12T13:43:21Z" finished-at="2018-02-12T13:43:27Z">
          <reporter-output>
          </reporter-output>
        </test-method> <!-- setup -->
        <test-method status="PASS" signature="formSubmitTest(java.lang.String, java.lang.String, java.lang.String)[pri:0, instance:com.form.test.testcases.FormPageTest@402a079c]" name="formSubmitTest" duration-ms="5557" started-at="2018-02-12T13:43:27Z" data-provider="getFormTestData" finished-at="2018-02-12T13:43:32Z">
          <params>
            <param index="0">
              <value>
                <![CDATA[Adam]]>
              </value>
            </param>
            <param index="1">
              <value>
                <![CDATA[John]]>
              </value>
            </param>
            <param index="2">
              <value>
                <![CDATA[5554443323]]>
              </value>
            </param>
          </params>
          <reporter-output>
            <line>
              <![CDATA[Verify Form Submitted with correct values]]>
            </line>
          </reporter-output>
        </test-method> <!-- formSubmitTest -->
        <test-method status="PASS" signature="tearDown()[pri:0, instance:com.form.test.testcases.FormPageTest@402a079c]" name="tearDown" is-config="true" duration-ms="236" started-at="2018-02-12T13:43:32Z" finished-at="2018-02-12T13:43:33Z">
          <reporter-output>
          </reporter-output>
        </test-method> <!-- tearDown -->
        <test-method status="PASS" signature="setup()[pri:0, instance:com.form.test.testcases.FormPageTest@402a079c]" name="setup" is-config="true" duration-ms="3045" started-at="2018-02-12T13:43:33Z" finished-at="2018-02-12T13:43:36Z">
          <reporter-output>
          </reporter-output>
        </test-method> <!-- setup -->
        <test-method status="PASS" signature="formSubmitTest(java.lang.String, java.lang.String, java.lang.String)[pri:0, instance:com.form.test.testcases.FormPageTest@402a079c]" name="formSubmitTest" duration-ms="5521" started-at="2018-02-12T13:43:36Z" data-provider="getFormTestData" finished-at="2018-02-12T13:43:41Z">
          <params>
            <param index="0">
              <value>
                <![CDATA[SDFDD]]>
              </value>
            </param>
            <param index="1">
              <value>
                <![CDATA[SDFDDFD]]>
              </value>
            </param>
            <param index="2">
              <value>
                <![CDATA[(555)444-3322]]>
              </value>
            </param>
          </params>
          <reporter-output>
            <line>
              <![CDATA[Verify Form Submitted with correct values]]>
            </line>
          </reporter-output>
        </test-method> <!-- formSubmitTest -->
        <test-method status="PASS" signature="tearDown()[pri:0, instance:com.form.test.testcases.FormPageTest@402a079c]" name="tearDown" is-config="true" duration-ms="79" started-at="2018-02-12T13:43:41Z" finished-at="2018-02-12T13:43:41Z">
          <reporter-output>
          </reporter-output>
        </test-method> <!-- tearDown -->
        <test-method status="PASS" signature="setup()[pri:0, instance:com.form.test.testcases.FormPageTest@402a079c]" name="setup" is-config="true" duration-ms="2053" started-at="2018-02-12T13:43:41Z" finished-at="2018-02-12T13:43:43Z">
          <reporter-output>
          </reporter-output>
        </test-method> <!-- setup -->
        <test-method status="PASS" signature="formSubmitTest(java.lang.String, java.lang.String, java.lang.String)[pri:0, instance:com.form.test.testcases.FormPageTest@402a079c]" name="formSubmitTest" duration-ms="5538" started-at="2018-02-12T13:43:43Z" data-provider="getFormTestData" finished-at="2018-02-12T13:43:49Z">
          <params>
            <param index="0">
              <value>
                <![CDATA[Sddfdfdededsdfedsdfe]]>
              </value>
            </param>
            <param index="1">
              <value>
                <![CDATA[Sddwdfdededsdfedsdfe]]>
              </value>
            </param>
            <param index="2">
              <value>
                <![CDATA[555-333-3333]]>
              </value>
            </param>
          </params>
          <reporter-output>
            <line>
              <![CDATA[Verify Form Submitted with correct values]]>
            </line>
          </reporter-output>
        </test-method> <!-- formSubmitTest -->
        <test-method status="PASS" signature="tearDown()[pri:0, instance:com.form.test.testcases.FormPageTest@402a079c]" name="tearDown" is-config="true" duration-ms="85" started-at="2018-02-12T13:43:49Z" finished-at="2018-02-12T13:43:49Z">
          <reporter-output>
          </reporter-output>
        </test-method> <!-- tearDown -->
        <test-method status="PASS" signature="setup()[pri:0, instance:com.form.test.testcases.FormPageTest@402a079c]" name="setup" is-config="true" duration-ms="2139" started-at="2018-02-12T13:43:49Z" finished-at="2018-02-12T13:43:51Z">
          <reporter-output>
          </reporter-output>
        </test-method> <!-- setup -->
        <test-method status="PASS" signature="formSubmitWrongFnameTest()[pri:0, instance:com.form.test.testcases.FormPageTest@402a079c]" name="formSubmitWrongFnameTest" duration-ms="2532" started-at="2018-02-12T13:43:51Z" finished-at="2018-02-12T13:43:54Z">
          <reporter-output>
            <line>
              <![CDATA[Verify Clear Page]]>
            </line>
          </reporter-output>
        </test-method> <!-- formSubmitWrongFnameTest -->
        <test-method status="PASS" signature="tearDown()[pri:0, instance:com.form.test.testcases.FormPageTest@402a079c]" name="tearDown" is-config="true" duration-ms="129" started-at="2018-02-12T13:43:54Z" finished-at="2018-02-12T13:43:54Z">
          <reporter-output>
          </reporter-output>
        </test-method> <!-- tearDown -->
        <test-method status="PASS" signature="setup()[pri:0, instance:com.form.test.testcases.FormPageTest@402a079c]" name="setup" is-config="true" duration-ms="1671" started-at="2018-02-12T13:43:54Z" finished-at="2018-02-12T13:43:55Z">
          <reporter-output>
          </reporter-output>
        </test-method> <!-- setup -->
        <test-method status="PASS" signature="negativeFormSubmitTest(java.lang.String, java.lang.String, java.lang.String)[pri:0, instance:com.form.test.testcases.FormPageTest@402a079c]" name="negativeFormSubmitTest" duration-ms="5444" started-at="2018-02-12T13:43:55Z" data-provider="getFormNegativeTestData" finished-at="2018-02-12T13:44:01Z">
          <params>
            <param index="0">
              <value>
                <![CDATA[@#@#@#@]]>
              </value>
            </param>
            <param index="1">
              <value>
                <![CDATA[@#@#$#]]>
              </value>
            </param>
            <param index="2">
              <value>
                <![CDATA[%%%%$]]>
              </value>
            </param>
          </params>
          <reporter-output>
            <line>
              <![CDATA[Verify Form is not submitted]]>
            </line>
          </reporter-output>
        </test-method> <!-- negativeFormSubmitTest -->
        <test-method status="PASS" signature="tearDown()[pri:0, instance:com.form.test.testcases.FormPageTest@402a079c]" name="tearDown" is-config="true" duration-ms="83" started-at="2018-02-12T13:44:01Z" finished-at="2018-02-12T13:44:01Z">
          <reporter-output>
          </reporter-output>
        </test-method> <!-- tearDown -->
        <test-method status="PASS" signature="setup()[pri:0, instance:com.form.test.testcases.FormPageTest@402a079c]" name="setup" is-config="true" duration-ms="2213" started-at="2018-02-12T13:44:01Z" finished-at="2018-02-12T13:44:03Z">
          <reporter-output>
          </reporter-output>
        </test-method> <!-- setup -->
        <test-method status="PASS" signature="negativeFormSubmitTest(java.lang.String, java.lang.String, java.lang.String)[pri:0, instance:com.form.test.testcases.FormPageTest@402a079c]" name="negativeFormSubmitTest" duration-ms="5411" started-at="2018-02-12T13:44:03Z" data-provider="getFormNegativeTestData" finished-at="2018-02-12T13:44:09Z">
          <params>
            <param index="0">
              <value>
                <![CDATA[121212]]>
              </value>
            </param>
            <param index="1">
              <value>
                <![CDATA[323232]]>
              </value>
            </param>
            <param index="2">
              <value>
                <![CDATA[adfdfd]]>
              </value>
            </param>
          </params>
          <reporter-output>
            <line>
              <![CDATA[Verify Form is not submitted]]>
            </line>
          </reporter-output>
        </test-method> <!-- negativeFormSubmitTest -->
        <test-method status="PASS" signature="tearDown()[pri:0, instance:com.form.test.testcases.FormPageTest@402a079c]" name="tearDown" is-config="true" duration-ms="90" started-at="2018-02-12T13:44:09Z" finished-at="2018-02-12T13:44:09Z">
          <reporter-output>
          </reporter-output>
        </test-method> <!-- tearDown -->
        <test-method status="PASS" signature="setup()[pri:0, instance:com.form.test.testcases.FormPageTest@402a079c]" name="setup" is-config="true" duration-ms="2437" started-at="2018-02-12T13:44:09Z" finished-at="2018-02-12T13:44:11Z">
          <reporter-output>
          </reporter-output>
        </test-method> <!-- setup -->
        <test-method status="PASS" signature="negativeFormSubmitTest(java.lang.String, java.lang.String, java.lang.String)[pri:0, instance:com.form.test.testcases.FormPageTest@402a079c]" name="negativeFormSubmitTest" duration-ms="6008" started-at="2018-02-12T13:44:11Z" data-provider="getFormNegativeTestData" finished-at="2018-02-12T13:44:17Z">
          <params>
            <param index="0">
              <value>
                <![CDATA[aabbccddeeffgghhiijjk]]>
              </value>
            </param>
            <param index="1">
              <value>
                <![CDATA[AABBCCDDEEGGHHIIJJKKL]]>
              </value>
            </param>
            <param index="2">
              <value>
                <![CDATA[555444333222]]>
              </value>
            </param>
          </params>
          <reporter-output>
            <line>
              <![CDATA[Verify Form is not submitted]]>
            </line>
          </reporter-output>
        </test-method> <!-- negativeFormSubmitTest -->
        <test-method status="PASS" signature="tearDown()[pri:0, instance:com.form.test.testcases.FormPageTest@402a079c]" name="tearDown" is-config="true" duration-ms="96" started-at="2018-02-12T13:44:17Z" finished-at="2018-02-12T13:44:17Z">
          <reporter-output>
          </reporter-output>
        </test-method> <!-- tearDown -->
        <test-method status="PASS" signature="setup()[pri:0, instance:com.form.test.testcases.FormPageTest@402a079c]" name="setup" is-config="true" duration-ms="2615" started-at="2018-02-12T13:44:17Z" finished-at="2018-02-12T13:44:20Z">
          <reporter-output>
          </reporter-output>
        </test-method> <!-- setup -->
        <test-method status="PASS" signature="negativeFormSubmitTest(java.lang.String, java.lang.String, java.lang.String)[pri:0, instance:com.form.test.testcases.FormPageTest@402a079c]" name="negativeFormSubmitTest" duration-ms="5445" started-at="2018-02-12T13:44:20Z" data-provider="getFormNegativeTestData" finished-at="2018-02-12T13:44:25Z">
          <params>
            <param index="0">
              <value>
                <![CDATA[Sere4345]]>
              </value>
            </param>
            <param index="1">
              <value>
                <![CDATA[dadf332]]>
              </value>
            </param>
            <param index="2">
              <value>
                <![CDATA[545]]>
              </value>
            </param>
          </params>
          <reporter-output>
            <line>
              <![CDATA[Verify Form is not submitted]]>
            </line>
          </reporter-output>
        </test-method> <!-- negativeFormSubmitTest -->
        <test-method status="PASS" signature="tearDown()[pri:0, instance:com.form.test.testcases.FormPageTest@402a079c]" name="tearDown" is-config="true" duration-ms="76" started-at="2018-02-12T13:44:25Z" finished-at="2018-02-12T13:44:25Z">
          <reporter-output>
          </reporter-output>
        </test-method> <!-- tearDown -->
      </class> <!-- com.form.test.testcases.FormPageTest -->
    </test> <!-- Default test -->
  </suite> <!-- Default suite -->
</testng-results>
